This is pdfTeX, Version 3.14159265-2.6-1.40.16 (TeX Live 2015) (preloaded format=pdflatex 2015.5.24)  23 SEP 2016 03:45
entering extended mode
 restricted \write18 enabled.
 %&-line parsing enabled.
**final.tex
(./final.tex
LaTeX2e <2015/01/01>
Babel <3.9l> and hyphenation patterns for 79 languages loaded.
(/usr/local/texlive/2015/texmf-dist/tex/latex/revtex/revtex4-1.cls
Document Class: revtex4-1 2010/07/25/20:33:00 4.1r (http://publish.aps.org/revt
ex4/ for documentation)
 Copyright (c) 2009 The American Physical Society.
 mailto:revtex@aps.org
 Licensed under the LPPL:
http://www.ctan.org/tex-archive/macros/latex/base/lppl.txt
 Arthur Ogawa <arthur_ogawa at sbcglobal dot net>
 Based on work by David Carlisle <david at dcarlisle.demon.co.uk>.
ltxutil[2010/07/25/20:33:00 4.1r utilities package (portions licensed from W. E
. Baxter web at superscript.com)]
LaTeX Info: Redefining \@centercr on input line 308.
Class revtex4-1 Info: Repairing broken LaTeX eqnarray on input line 358.
\eqncolsep=\skip41
Class revtex4-1 Info: Repairing hyperref-unfriendly LaTeX definition of \mpfoot
note on input line 433.
Class revtex4-1 Info: Repairing broken LateX \@sect on input line 755.
\intertabularlinepenalty=\count79
\@tbpen=\count80
\@arstrutbox@hline=\box26
Class revtex4-1 Info: Repairing broken LaTeX \@xbitor on input line 1786.
Class revtex4-1 Info: Making \typeout \long on input line 2046.
ltxfront[2010/07/25/20:33:00 4.1r frontmatter package (AO,DPC)]
\c@affil=\count81
\c@collab=\count82
\absbox=\box27
ltxgrid[2010/07/25/20:33:00 4.1r page grid package (portions licensed from W. E
. Baxter web at superscript.com)]
\c@linecount=\count83
\output@latex=\toks14
\box@size@1=\box28
\box@size@2=\box29
\@protection@box=\box30
\@topmark@saved=\toks15
\footins@saved=\box31
\footins@recovered=\box32
\column@recovered=\box33
\pagesofar=\box34
\footsofar=\box35
\pagegrid@col=\count84
Class revtex4-1 Info: Overriding \@vspace, \@vspacer, \@no@pgbk, \@newline, and
 \\  on input line 5578.
\c@part=\count85
\c@section=\count86
\c@subsection=\count87
\c@subsubsection=\count88
\c@paragraph=\count89
\c@subparagraph=\count90
\abovecaptionskip=\skip42
\belowcaptionskip=\skip43
\c@figure=\count91
\fbox@1=\box36
\c@table=\count92
\fbox@2=\box37
\c@video=\count93
\fbox@4=\box38
\@bibdataout=\write3
\widetext@top=\box39
\widetext@bot=\box40
Class revtex4-1 Info: Selecting society aip on input line 7542.
(/usr/local/texlive/2015/texmf-dist/tex/latex/revtex/aip4-1.rtx
File: aip4-1.rtx 2010/07/25 4.1r AIP substyle for REVTeX
Class revtex4-1 Info: RevTeX society AIP selected on input line 67.
)
Class revtex4-1 Info: Selecting journal jmp on input line 7544.

Using journal substyle jmp.
Class revtex4-1 Info: Reading file aps10pt4-1.rtx on input line 7547.
(/usr/local/texlive/2015/texmf-dist/tex/latex/revtex/aps10pt4-1.rtx
File: aps10pt4-1 2010/07/25/20:33:00 4.1r (http://publish.aps.org/revtex4/ for 
documentation)
Class revtex4-1 Info: RevTeX pointsize 10pt selected on input line 30.
)
Class revtex4-1 Info: Overriding 10pt on input line 7547.

(/usr/local/texlive/2015/texmf-dist/tex/latex/textcase/textcase.sty
Package: textcase 2004/10/07 v0.07 Text only upper/lower case changing (DPC)
)
(/usr/local/texlive/2015/texmf-dist/tex/latex/amsfonts/amssymb.sty
Package: amssymb 2013/01/14 v3.01 AMS font symbols

(/usr/local/texlive/2015/texmf-dist/tex/latex/amsfonts/amsfonts.sty
Package: amsfonts 2013/01/14 v3.01 Basic AMSFonts support
\@emptytoks=\toks16
\symAMSa=\mathgroup4
\symAMSb=\mathgroup5
LaTeX Font Info:    Overwriting math alphabet `\mathfrak' in version `bold'
(Font)                  U/euf/m/n --> U/euf/b/n on input line 106.
))
(/usr/local/texlive/2015/texmf-dist/tex/latex/amsmath/amsmath.sty
Package: amsmath 2013/01/14 v2.14 AMS math features
\@mathmargin=\skip44

For additional information on amsmath, use the `?' option.
(/usr/local/texlive/2015/texmf-dist/tex/latex/amsmath/amstext.sty
Package: amstext 2000/06/29 v2.01

(/usr/local/texlive/2015/texmf-dist/tex/latex/amsmath/amsgen.sty
File: amsgen.sty 1999/11/30 v2.0
\@emptytoks=\toks17
\ex@=\dimen102
)
LaTeX Info: Redefining \text on input line 39.
)
(/usr/local/texlive/2015/texmf-dist/tex/latex/amsmath/amsbsy.sty
Package: amsbsy 1999/11/29 v1.2d
\pmbraise@=\dimen103
)
(/usr/local/texlive/2015/texmf-dist/tex/latex/amsmath/amsopn.sty
Package: amsopn 1999/12/14 v2.01 operator names
)
\inf@bad=\count94
LaTeX Info: Redefining \frac on input line 210.
\uproot@=\count95
\leftroot@=\count96
LaTeX Info: Redefining \overline on input line 306.
\classnum@=\count97
\DOTSCASE@=\count98
LaTeX Info: Redefining \ldots on input line 378.
LaTeX Info: Redefining \dots on input line 381.
LaTeX Info: Redefining \cdots on input line 466.
\Mathstrutbox@=\box41
\strutbox@=\box42
\big@size=\dimen104
LaTeX Font Info:    Redeclaring font encoding OML on input line 566.
LaTeX Font Info:    Redeclaring font encoding OMS on input line 567.
\macc@depth=\count99
\c@MaxMatrixCols=\count100
\dotsspace@=\muskip10
\c@parentequation=\count101
\dspbrk@lvl=\count102
\tag@help=\toks18
\row@=\count103
\column@=\count104
\maxfields@=\count105
\andhelp@=\toks19
\eqnshift@=\dimen105
\alignsep@=\dimen106
\tagshift@=\dimen107
\tagwidth@=\dimen108
\totwidth@=\dimen109
\lineht@=\dimen110
\@envbody=\toks20
\multlinegap=\skip45
\multlinetaggap=\skip46
\mathdisplay@stack=\toks21
LaTeX Info: Redefining \[ on input line 2665.
LaTeX Info: Redefining \] on input line 2666.
)
(/usr/local/texlive/2015/texmf-dist/tex/latex/url/url.sty
\Urlmuskip=\muskip11
Package: url 2013/09/16  ver 3.4  Verb mode for urls, etc.
)
(/usr/local/texlive/2015/texmf-dist/tex/latex/natbib/natbib.sty
Package: natbib 2010/09/13 8.31b (PWD, AO)
\bibhang=\skip47
\bibsep=\skip48
LaTeX Info: Redefining \cite on input line 694.
\c@NAT@ctr=\count106
)
Class revtex4-1 Info: Repairing natbib's \BibitemShut on input line 7549.

(/usr/local/texlive/2015/texmf-dist/tex/latex/revtex/revsymb4-1.sty
Package: revsymb4-1 2010/07/25/20:33:00 4.1r (http://publish.aps.org/revtex4/ f
or documentation)
LaTeX Info: Redefining \frak on input line 95.
LaTeX Info: Redefining \Bbb on input line 111.
LaTeX Info: Redefining \REV@mathfrak on input line 119.
))
(/usr/local/texlive/2015/texmf-dist/tex/latex/graphics/graphicx.sty
Package: graphicx 2014/10/28 v1.0g Enhanced LaTeX Graphics (DPC,SPQR)

(/usr/local/texlive/2015/texmf-dist/tex/latex/graphics/keyval.sty
Package: keyval 2014/10/28 v1.15 key=value parser (DPC)
\KV@toks@=\toks22
)
(/usr/local/texlive/2015/texmf-dist/tex/latex/graphics/graphics.sty
Package: graphics 2014/10/28 v1.0p Standard LaTeX Graphics (DPC,SPQR)

(/usr/local/texlive/2015/texmf-dist/tex/latex/graphics/trig.sty
Package: trig 1999/03/16 v1.09 sin cos tan (DPC)
)
(/usr/local/texlive/2015/texmf-dist/tex/latex/latexconfig/graphics.cfg
File: graphics.cfg 2010/04/23 v1.9 graphics configuration of TeX Live
)
Package graphics Info: Driver file: pdftex.def on input line 94.

(/usr/local/texlive/2015/texmf-dist/tex/latex/pdftex-def/pdftex.def
File: pdftex.def 2011/05/27 v0.06d Graphics/color for pdfTeX

(/usr/local/texlive/2015/texmf-dist/tex/generic/oberdiek/infwarerr.sty
Package: infwarerr 2010/04/08 v1.3 Providing info/warning/error messages (HO)
)
(/usr/local/texlive/2015/texmf-dist/tex/generic/oberdiek/ltxcmds.sty
Package: ltxcmds 2011/11/09 v1.22 LaTeX kernel commands for general use (HO)
)
\Gread@gobject=\count107
))
\Gin@req@height=\dimen111
\Gin@req@width=\dimen112
)
(/usr/local/texlive/2015/texmf-dist/tex/latex/tools/dcolumn.sty
Package: dcolumn 2014/10/28 v1.06 decimal alignment package (DPC)

(/usr/local/texlive/2015/texmf-dist/tex/latex/tools/array.sty
Package: array 2014/10/28 v2.4c Tabular extension package (FMi)
\col@sep=\dimen113
\extrarowheight=\dimen114
\NC@list=\toks23
\extratabsurround=\skip49
\backup@length=\skip50
))
(/usr/local/texlive/2015/texmf-dist/tex/latex/tools/bm.sty
Package: bm 2014/10/28 v1.1c Bold Symbol Support (DPC/FMi)
\symboldoperators=\mathgroup6
\symboldletters=\mathgroup7
\symboldsymbols=\mathgroup8
LaTeX Font Info:    Redeclaring math alphabet \mathbf on input line 141.
LaTeX Info: Redefining \bm on input line 207.
)
(/usr/local/texlive/2015/texmf-dist/tex/latex/subfig/subfig.sty
Package: subfig 2005/06/28 ver: 1.3 subfig package

(/usr/local/texlive/2015/texmf-dist/tex/latex/caption/caption.sty
Package: caption 2013/05/02 v3.3-89 Customizing captions (AR)

(/usr/local/texlive/2015/texmf-dist/tex/latex/caption/caption3.sty
Package: caption3 2013/05/02 v1.6-88 caption3 kernel (AR)
Package caption3 Info: TeX engine: e-TeX on input line 57.
\captionmargin=\dimen115
\captionmargin@=\dimen116
\captionwidth=\dimen117
\caption@tempdima=\dimen118
\caption@indent=\dimen119
\caption@parindent=\dimen120
\caption@hangindent=\dimen121
Package caption Info: Unknown document class (or package),
(caption)             standard defaults will be used.
)

Package caption Warning: Unsupported document class (or package) detected,
(caption)                usage of the caption package is not recommended.
See the caption package documentation for explanation.

Package caption Info: \@makecaption = \long macro:#1#2->\par \vskip \abovecapti
onskip \begingroup \small \rmfamily \sbox \@tempboxa {\let \\\heading@cr \@make
@capt@title {#1}{#2}}\@ifdim {\wd \@tempboxa >\hsize }{\begingroup \samepage \f
lushing \let \footnote \@footnotemark@gobble \@make@capt@title {#1}{#2}\par \en
dgroup }{\global \@minipagefalse \hb@xt@ \hsize {\hfil \unhbox \@tempboxa \hfil
 }}\endgroup \vskip \belowcaptionskip .
\c@ContinuedFloat=\count108
)
\c@KVtest=\count109
\sf@farskip=\skip51
\sf@captopadj=\dimen122
\sf@capskip=\skip52
\sf@nearskip=\skip53
\c@subfigure=\count110
\c@subfigure@save=\count111
\c@lofdepth=\count112
\c@subtable=\count113
\c@subtable@save=\count114
\c@lotdepth=\count115
\sf@top=\skip54
\sf@bottom=\skip55
) (/usr/local/texlive/2015/texmf-dist/tex/latex/tools/afterpage.sty
Package: afterpage 2014/10/28 v1.08 After-Page Package (DPC)
\AP@output=\toks24
\AP@partial=\box43
\AP@footins=\box44
)
(/usr/local/texlive/2015/texmf-dist/tex/latex/float/float.sty
Package: float 2001/11/08 v1.3d Float enhancements (AL)
\c@float@type=\count116
\float@exts=\toks25
\float@box=\box45
\@float@everytoks=\toks26
\@floatcapt=\box46
)
Class revtex4-1 Info: Patching array package. on input line 16.


Class revtex4-1 Warning: Repair the float package.

Class revtex4-1 Info: Robustifying \LaTeX's \boldmath command on input line 16.

Class revtex4-1 Info: cite was not loaded (OK!) on input line 16.
Class revtex4-1 Info: mcite was not loaded (OK!) on input line 16.
Class revtex4-1 Info: multicol was not loaded (OK!) on input line 16.
(./final.aux

LaTeX Warning: Label `sec:level1' multiply defined.


LaTeX Warning: Label `sec:level2' multiply defined.


LaTeX Warning: Label `sec:level2' multiply defined.


LaTeX Warning: Label `sec:level1' multiply defined.


LaTeX Warning: Label `table:fastvsslow' multiply defined.


LaTeX Warning: Label `sec:level1' multiply defined.


LaTeX Warning: Label `sec:level1' multiply defined.


LaTeX Warning: Label `sec:level1' multiply defined.


LaTeX Warning: Label `sec:level1' multiply defined.

)
\openout1 = `final.aux'.

LaTeX Font Info:    Checking defaults for OML/cmm/m/it on input line 16.
LaTeX Font Info:    ... okay on input line 16.
LaTeX Font Info:    Checking defaults for T1/cmr/m/n on input line 16.
LaTeX Font Info:    ... okay on input line 16.
LaTeX Font Info:    Checking defaults for OT1/cmr/m/n on input line 16.
LaTeX Font Info:    ... okay on input line 16.
LaTeX Font Info:    Checking defaults for OMS/cmsy/m/n on input line 16.
LaTeX Font Info:    ... okay on input line 16.
LaTeX Font Info:    Checking defaults for OMX/cmex/m/n on input line 16.
LaTeX Font Info:    ... okay on input line 16.
LaTeX Font Info:    Checking defaults for U/cmr/m/n on input line 16.
LaTeX Font Info:    ... okay on input line 16.
 (/usr/local/texlive/2015/texmf-dist/tex/context/base/supp-pdf.mkii
[Loading MPS to PDF converter (version 2006.09.02).]
\scratchcounter=\count117
\scratchdimen=\dimen123
\scratchbox=\box47
\nofMPsegments=\count118
\nofMParguments=\count119
\everyMPshowfont=\toks27
\MPscratchCnt=\count120
\MPscratchDim=\dimen124
\MPnumerator=\count121
\makeMPintoPDFobject=\count122
\everyMPtoPDFconversion=\toks28
) (/usr/local/texlive/2015/texmf-dist/tex/generic/oberdiek/pdftexcmds.sty
Package: pdftexcmds 2011/11/29 v0.20 Utility functions of pdfTeX for LuaTeX (HO
)

(/usr/local/texlive/2015/texmf-dist/tex/generic/oberdiek/ifluatex.sty
Package: ifluatex 2010/03/01 v1.3 Provides the ifluatex switch (HO)
Package ifluatex Info: LuaTeX not detected.
)
(/usr/local/texlive/2015/texmf-dist/tex/generic/oberdiek/ifpdf.sty
Package: ifpdf 2011/01/30 v2.3 Provides the ifpdf switch (HO)
Package ifpdf Info: pdfTeX in PDF mode is detected.
)
Package pdftexcmds Info: LuaTeX not detected.
Package pdftexcmds Info: \pdf@primitive is available.
Package pdftexcmds Info: \pdf@ifprimitive is available.
Package pdftexcmds Info: \pdfdraftmode found.
)
(/usr/local/texlive/2015/texmf-dist/tex/latex/oberdiek/epstopdf-base.sty
Package: epstopdf-base 2010/02/09 v2.5 Base part for package epstopdf

(/usr/local/texlive/2015/texmf-dist/tex/latex/oberdiek/grfext.sty
Package: grfext 2010/08/19 v1.1 Manage graphics extensions (HO)

(/usr/local/texlive/2015/texmf-dist/tex/generic/oberdiek/kvdefinekeys.sty
Package: kvdefinekeys 2011/04/07 v1.3 Define keys (HO)
))
(/usr/local/texlive/2015/texmf-dist/tex/latex/oberdiek/kvoptions.sty
Package: kvoptions 2011/06/30 v3.11 Key value format for package options (HO)

(/usr/local/texlive/2015/texmf-dist/tex/generic/oberdiek/kvsetkeys.sty
Package: kvsetkeys 2012/04/25 v1.16 Key value parser (HO)

(/usr/local/texlive/2015/texmf-dist/tex/generic/oberdiek/etexcmds.sty
Package: etexcmds 2011/02/16 v1.5 Avoid name clashes with e-TeX commands (HO)
Package etexcmds Info: Could not find \expanded.
(etexcmds)             That can mean that you are not using pdfTeX 1.50 or
(etexcmds)             that some package has redefined \expanded.
(etexcmds)             In the latter case, load this package earlier.
)))
Package grfext Info: Graphics extension search list:
(grfext)             [.png,.pdf,.jpg,.mps,.jpeg,.jbig2,.jb2,.PNG,.PDF,.JPG,.JPE
G,.JBIG2,.JB2,.eps]
(grfext)             \AppendGraphicsExtensions on input line 452.

(/usr/local/texlive/2015/texmf-dist/tex/latex/latexconfig/epstopdf-sys.cfg
File: epstopdf-sys.cfg 2010/07/13 v1.3 Configuration of (r)epstopdf for TeX Liv
e
))
Package caption Info: Begin \AtBeginDocument code.
Package caption Info: subfig package v1.3 is loaded.
Package caption Info: float package is loaded.
Package caption Info: End \AtBeginDocument code.
\openout3 = `finalNotes.bib'.

Missing character: There is no â in font cmr10!
Missing character: There is no € in font cmr10!
Missing character: There is no ™ in font cmr10!
LaTeX Font Info:    Try loading font information for U+msa on input line 34.

(/usr/local/texlive/2015/texmf-dist/tex/latex/amsfonts/umsa.fd
File: umsa.fd 2013/01/14 v3.01 AMS symbols A
)
LaTeX Font Info:    Try loading font information for U+msb on input line 34.

(/usr/local/texlive/2015/texmf-dist/tex/latex/amsfonts/umsb.fd
File: umsb.fd 2013/01/14 v3.01 AMS symbols B
) [1{/usr/local/texlive/2015/texmf-var/fonts/map/pdftex/updmap/pdftex.map}]
Underfull \hbox (badness 2469) in paragraph at lines 134--134
[]|\OT1/cmr/m/n/9 Ra 226 Sec-
 []

<schem.png, id=18, 867.24pt x 527.9725pt>
File: schem.png Graphic file (type png)
 <use schem.png>
Package pdftex.def Info: schem.png used on input line 152.
(pdftex.def)             Requested size: 196.80075pt x 119.81181pt.
 [2]

LaTeX Warning: A float is stuck (cannot be placed) on input line 163.


LaTeX Warning: A float is stuck (cannot be placed) on input line 163.


Class revtex4-1 Warning: Deferred float stuck during \clearpage processing.


LaTeX Font Warning: Font shape `OT1/cmss/bx/it' undefined
(Font)              using `OT1/cmss/bx/n' instead on input line 164.

<na.png, id=24, 578.16pt x 433.62pt>
File: na.png Graphic file (type png)
 <use na.png>
Package pdftex.def Info: na.png used on input line 172.
(pdftex.def)             Requested size: 196.80075pt x 147.60088pt.

Underfull \hbox (badness 1173) in paragraph at lines 180--181
[]\OT1/cmr/m/n/10 Before be-gin-ning data col-lec-tion we cre-ated unique
 []

[3 <./schem.png> <./na.png>] <gaussfits.png, id=30, 744.7825pt x 451.6875pt>
File: gaussfits.png Graphic file (type png)

<use gaussfits.png>
Package pdftex.def Info: gaussfits.png used on input line 199.
(pdftex.def)             Requested size: 221.3985pt x 134.27359pt.
 <chanf.png, id=31, 413.545pt x 282.05376pt>
File: chanf.png Graphic file (type png)

<use chanf.png>
Package pdftex.def Info: chanf.png used on input line 225.
(pdftex.def)             Requested size: 196.80075pt x 134.22653pt.
 <chanuv.png, id=32, 413.545pt x 282.05376pt>
File: chanuv.png Graphic file (type png)
 <use chanuv.png>
Package pdftex.def Info: chanuv.png used on input line 232.
(pdftex.def)             Requested size: 196.80075pt x 134.22653pt.


LaTeX Warning: `h' float specifier changed to `ht'.

<chansb.png, id=33, 413.545pt x 282.05376pt>
File: chansb.png Graphic file (type png)
 <use chansb.png>
Package pdftex.def Info: chansb.png used on input line 239.
(pdftex.def)             Requested size: 196.80075pt x 134.22653pt.


LaTeX Warning: `h' float specifier changed to `ht'.

<qff.png, id=34, 397.485pt x 282.05376pt>
File: qff.png Graphic file (type png)
 <use qff.png>
Package pdftex.def Info: qff.png used on input line 267.
(pdftex.def)             Requested size: 196.80075pt x 139.65361pt.

<qfuv.png, id=35, 397.485pt x 282.05376pt>
File: qfuv.png Graphic file (type png)
 <use qfuv.png>
Package pdftex.def Info: qfuv.png used on input line 274.
(pdftex.def)             Requested size: 196.80075pt x 139.65361pt.

<qfsb.png, id=36, 397.485pt x 282.05376pt>
File: qfsb.png Graphic file (type png)
 <use qfsb.png>
Package pdftex.def Info: qfsb.png used on input line 281.
(pdftex.def)             Requested size: 196.80075pt x 139.65361pt.

Underfull \hbox (badness 10000) in paragraph at lines 291--291
[]|\OT1/cmr/m/n/9 Slow
 []

<FitsBaF2.png, id=37, 578.16pt x 433.62pt>
File: FitsBaF2.png Graphic file (type png)
 <use FitsBaF2.png>
Package pdftex.def Info: FitsBaF2.png used on input line 306.
(pdftex.def)             Requested size: 196.80075pt x 147.60088pt.

<convf.png, id=38, 401.5pt x 282.05376pt>
File: convf.png Graphic file (type png)
 <use convf.png>
Package pdftex.def Info: convf.png used on input line 313.
(pdftex.def)             Requested size: 196.80075pt x 138.25488pt.

<convuv.png, id=39, 401.5pt x 282.05376pt>
File: convuv.png Graphic file (type png)
 <use convuv.png>
Package pdftex.def Info: convuv.png used on input line 320.
(pdftex.def)             Requested size: 196.80075pt x 138.25488pt.

<convsb.png, id=40, 401.5pt x 282.05376pt>
File: convsb.png Graphic file (type png)
 <use convsb.png>
Package pdftex.def Info: convsb.png used on input line 327.
(pdftex.def)             Requested size: 196.80075pt x 138.25488pt.
 [4 <./gaussfits.png> <./chanf.png> <./chanuv.png> <./chansb.png>]

LaTeX Warning: A float is stuck (cannot be placed) on input line 342.


LaTeX Warning: A float is stuck (cannot be placed) on input line 342.


Class revtex4-1 Warning: Deferred float stuck during \clearpage processing.

! Extra alignment tab has been changed to \cr.
<recently read> \endtemplate 
                             
l.347     Component Error & 4800 & 5500 &
                                          6000 & 7700\\ \hline
? 
! Extra alignment tab has been changed to \cr.
<recently read> \endtemplate 
                             
l.349     Slow Error & 1.362 & 1.310 &
                                       1.233 & 1.109\\ \hline
? 
! Extra alignment tab has been changed to \cr.
<recently read> \endtemplate 
                             
l.351     Fast Error & 0.029 & 0.031 &
                                       0.031 & 0.031\\ \hline
? 
<first.png, id=50, 398.48875pt x 282.05376pt>
File: first.png Graphic file (type png)
 <use first.png>
Package pdftex.def Info: first.png used on input line 360.
(pdftex.def)             Requested size: 196.80075pt x 139.2964pt.

<second.png, id=51, 398.48875pt x 282.05376pt>
File: second.png Graphic file (type png)
 <use second.png>
Package pdftex.def Info: second.png used on input line 367.
(pdftex.def)             Requested size: 196.80075pt x 139.2964pt.

<third.png, id=52, 398.48875pt x 282.05376pt>
File: third.png Graphic file (type png)
 <use third.png>
Package pdftex.def Info: third.png used on input line 374.
(pdftex.def)             Requested size: 196.80075pt x 139.2964pt.

<fourth.png, id=53, 398.48875pt x 282.05376pt>
File: fourth.png Graphic file (type png)
 <use fourth.png>
Package pdftex.def Info: fourth.png used on input line 381.
(pdftex.def)             Requested size: 196.80075pt x 139.2964pt.

<qf.png, id=54, 388.45125pt x 297.11pt>
File: qf.png Graphic file (type png)
 <use qf.png>
Package pdftex.def Info: qf.png used on input line 392.
(pdftex.def)             Requested size: 196.80075pt x 150.52672pt.
 [5 <./qff.png> <./qfuv.png> <./qfsb.png> <./FitsBaF2.png> <./convf.png> <./con
vuv.png>]

LaTeX Warning: A float is stuck (cannot be placed) on input line 402.


LaTeX Warning: A float is stuck (cannot be placed) on input line 402.


Class revtex4-1 Warning: Deferred float stuck during \clearpage processing.

[6 <./convsb.png> <./first.png> <./second.png> <./third.png> <./fourth.png> <./
qf.png>]
No file final.bbl.
<2UVAmBefit.png, id=75, 578.16pt x 433.62pt>
File: 2UVAmBefit.png Graphic file (type png)
 <use 2UVAmBefit.png>
Package pdftex.def Info: 2UVAmBefit.png used on input line 463.
(pdftex.def)             Requested size: 196.80075pt x 147.60088pt.

<2UVCsfit.png, id=76, 578.16pt x 433.62pt>
File: 2UVCsfit.png Graphic file (type png)
 <use 2UVCsfit.png>
Package pdftex.def Info: 2UVCsfit.png used on input line 465.
(pdftex.def)             Requested size: 196.80075pt x 147.60088pt.

<2UVCo1fit.png, id=77, 578.16pt x 433.62pt>
File: 2UVCo1fit.png Graphic file (type png)
 <use 2UVCo1fit.png>
Package pdftex.def Info: 2UVCo1fit.png used on input line 467.
(pdftex.def)             Requested size: 196.80075pt x 147.60088pt.

<2UVCo2fit.png, id=78, 578.16pt x 433.62pt>
File: 2UVCo2fit.png Graphic file (type png)
 <use 2UVCo2fit.png>
Package pdftex.def Info: 2UVCo2fit.png used on input line 469.
(pdftex.def)             Requested size: 196.80075pt x 147.60088pt.

<2UVNa1fit.png, id=79, 578.16pt x 433.62pt>
File: 2UVNa1fit.png Graphic file (type png)
 <use 2UVNa1fit.png>
Package pdftex.def Info: 2UVNa1fit.png used on input line 471.
(pdftex.def)             Requested size: 196.80075pt x 147.60088pt.

<2UVNa2fit.png, id=80, 578.16pt x 433.62pt>
File: 2UVNa2fit.png Graphic file (type png)
 <use 2UVNa2fit.png>
Package pdftex.def Info: 2UVNa2fit.png used on input line 473.
(pdftex.def)             Requested size: 196.80075pt x 147.60088pt.

<2UVRa1fit.png, id=81, 578.16pt x 433.62pt>
File: 2UVRa1fit.png Graphic file (type png)
 <use 2UVRa1fit.png>
Package pdftex.def Info: 2UVRa1fit.png used on input line 475.
(pdftex.def)             Requested size: 196.80075pt x 147.60088pt.

<2UVRa4fit.png, id=82, 578.16pt x 433.62pt>
File: 2UVRa4fit.png Graphic file (type png)
 <use 2UVRa4fit.png>
Package pdftex.def Info: 2UVRa4fit.png used on input line 477.
(pdftex.def)             Requested size: 196.80075pt x 147.60088pt.


LaTeX Warning: Float too large for page by 36.90343pt on input line 480.

<FilCsfit.png, id=83, 578.16pt x 433.62pt>
File: FilCsfit.png Graphic file (type png)
 <use FilCsfit.png>
Package pdftex.def Info: FilCsfit.png used on input line 484.
(pdftex.def)             Requested size: 196.80075pt x 147.60088pt.

<FilCo1fit.png, id=84, 578.16pt x 433.62pt>
File: FilCo1fit.png Graphic file (type png)
 <use FilCo1fit.png>
Package pdftex.def Info: FilCo1fit.png used on input line 486.
(pdftex.def)             Requested size: 196.80075pt x 147.60088pt.

<FilCo2fit.png, id=85, 578.16pt x 433.62pt>
File: FilCo2fit.png Graphic file (type png)
 <use FilCo2fit.png>
Package pdftex.def Info: FilCo2fit.png used on input line 488.
(pdftex.def)             Requested size: 196.80075pt x 147.60088pt.

<FilNa1fit.png, id=86, 578.16pt x 433.62pt>
File: FilNa1fit.png Graphic file (type png)
 <use FilNa1fit.png>
Package pdftex.def Info: FilNa1fit.png used on input line 490.
(pdftex.def)             Requested size: 196.80075pt x 147.60088pt.

<FilNa2fit.png, id=87, 578.16pt x 433.62pt>
File: FilNa2fit.png Graphic file (type png)
 <use FilNa2fit.png>
Package pdftex.def Info: FilNa2fit.png used on input line 492.
(pdftex.def)             Requested size: 196.80075pt x 147.60088pt.

<FilRa1fit.png, id=88, 578.16pt x 433.62pt>
File: FilRa1fit.png Graphic file (type png)
 <use FilRa1fit.png>
Package pdftex.def Info: FilRa1fit.png used on input line 494.
(pdftex.def)             Requested size: 196.80075pt x 147.60088pt.

<FilRa4fit.png, id=89, 578.16pt x 433.62pt>
File: FilRa4fit.png Graphic file (type png)
 <use FilRa4fit.png>
Package pdftex.def Info: FilRa4fit.png used on input line 496.
(pdftex.def)             Requested size: 196.80075pt x 147.60088pt.


LaTeX Warning: Float too large for page by 36.90343pt on input line 499.

<SBAmBefit.png, id=90, 578.16pt x 433.62pt>
File: SBAmBefit.png Graphic file (type png)
 <use SBAmBefit.png>
Package pdftex.def Info: SBAmBefit.png used on input line 503.
(pdftex.def)             Requested size: 196.80075pt x 147.60088pt.

<SBCsfit.png, id=91, 578.16pt x 433.62pt>
File: SBCsfit.png Graphic file (type png)
 <use SBCsfit.png>
Package pdftex.def Info: SBCsfit.png used on input line 505.
(pdftex.def)             Requested size: 196.80075pt x 147.60088pt.

<SBNa1fit.png, id=92, 578.16pt x 433.62pt>
File: SBNa1fit.png Graphic file (type png)
 <use SBNa1fit.png>
Package pdftex.def Info: SBNa1fit.png used on input line 507.
(pdftex.def)             Requested size: 196.80075pt x 147.60088pt.

<SBNa2fit.png, id=93, 578.16pt x 433.62pt>
File: SBNa2fit.png Graphic file (type png)
 <use SBNa2fit.png>
Package pdftex.def Info: SBNa2fit.png used on input line 509.
(pdftex.def)             Requested size: 196.80075pt x 147.60088pt.

<SBRa1fit.png, id=94, 578.16pt x 433.62pt>
File: SBRa1fit.png Graphic file (type png)
 <use SBRa1fit.png>
Package pdftex.def Info: SBRa1fit.png used on input line 511.
(pdftex.def)             Requested size: 196.80075pt x 147.60088pt.

<SBRa4fit.png, id=95, 578.16pt x 433.62pt>
File: SBRa4fit.png Graphic file (type png)
 <use SBRa4fit.png>
Package pdftex.def Info: SBRa4fit.png used on input line 513.
(pdftex.def)             Requested size: 196.80075pt x 147.60088pt.

<UVQE.png, id=96, 578.16pt x 433.62pt>
File: UVQE.png Graphic file (type png)
 <use UVQE.png>
Package pdftex.def Info: UVQE.png used on input line 520.
(pdftex.def)             Requested size: 196.80075pt x 147.60088pt.

<FilQE.png, id=97, 401.5pt x 282.05376pt>
File: FilQE.png Graphic file (type png)
 <use FilQE.png>
Package pdftex.def Info: FilQE.png used on input line 522.
(pdftex.def)             Requested size: 196.80075pt x 138.25488pt.

<SBQE.png, id=98, 401.5pt x 282.05376pt>
File: SBQE.png Graphic file (type png)
 <use SBQE.png>
Package pdftex.def Info: SBQE.png used on input line 524.
(pdftex.def)             Requested size: 196.80075pt x 138.25488pt.
 [7] [8 <./2UVAmBefit.png> <./2UVCsfit.png> <./2UVCo1fit.png> <./2UVCo2fit.png>
 <./2UVNa1fit.png> <./2UVNa2fit.png> <./2UVRa1fit.png> <./2UVRa4fit.png>] [9 <.
/FilCsfit.png> <./FilCo1fit.png> <./FilCo2fit.png> <./FilNa1fit.png> <./FilNa2f
it.png> <./FilRa1fit.png> <./FilRa4fit.png>] [10 <./SBAmBefit.png> <./SBCsfit.p
ng> <./SBNa1fit.png> <./SBNa2fit.png> <./SBRa1fit.png> <./SBRa4fit.png>] [11 <.
/UVQE.png> <./FilQE.png> <./SBQE.png>] (./final.aux)

LaTeX Font Warning: Some font shapes were not available, defaults substituted.


LaTeX Warning: There were multiply-defined labels.

 ) 
Here is how much of TeX's memory you used:
 6064 strings out of 493089
 86046 string characters out of 6134842
 174356 words of memory out of 5000000
 9404 multiletter control sequences out of 15000+600000
 18480 words of font info for 68 fonts, out of 8000000 for 9000
 1141 hyphenation exceptions out of 8191
 44i,9n,47p,1184b,411s stack positions out of 5000i,500n,10000p,200000b,80000s
</usr/local/texlive/2015/texmf-dist/fonts/type1/public/amsfonts/cm/cmbsy10.pf
b></usr/local/texlive/2015/texmf-dist/fonts/type1/public/amsfonts/cm/cmbx10.pfb
></usr/local/texlive/2015/texmf-dist/fonts/type1/public/amsfonts/cm/cmmi10.pfb>
</usr/local/texlive/2015/texmf-dist/fonts/type1/public/amsfonts/cm/cmmi7.pfb></
usr/local/texlive/2015/texmf-dist/fonts/type1/public/amsfonts/cm/cmmi8.pfb></us
r/local/texlive/2015/texmf-dist/fonts/type1/public/amsfonts/cm/cmmib10.pfb></us
r/local/texlive/2015/texmf-dist/fonts/type1/public/amsfonts/cmextra/cmmib7.pfb>
</usr/local/texlive/2015/texmf-dist/fonts/type1/public/amsfonts/cm/cmr10.pfb></
usr/local/texlive/2015/texmf-dist/fonts/type1/public/amsfonts/cm/cmr6.pfb></usr
/local/texlive/2015/texmf-dist/fonts/type1/public/amsfonts/cm/cmr7.pfb></usr/lo
cal/texlive/2015/texmf-dist/fonts/type1/public/amsfonts/cm/cmr8.pfb></usr/local
/texlive/2015/texmf-dist/fonts/type1/public/amsfonts/cm/cmr9.pfb></usr/local/te
xlive/2015/texmf-dist/fonts/type1/public/amsfonts/cm/cmss10.pfb></usr/local/tex
live/2015/texmf-dist/fonts/type1/public/amsfonts/cm/cmss8.pfb></usr/local/texli
ve/2015/texmf-dist/fonts/type1/public/amsfonts/cm/cmssbx10.pfb></usr/local/texl
ive/2015/texmf-dist/fonts/type1/public/amsfonts/cm/cmsy10.pfb></usr/local/texli
ve/2015/texmf-dist/fonts/type1/public/amsfonts/cm/cmti8.pfb></usr/local/texlive
/2015/texmf-dist/fonts/type1/public/amsfonts/cm/cmti9.pfb></usr/local/texlive/2
015/texmf-dist/fonts/type1/public/amsfonts/cm/cmtt8.pfb>
Output written on final.pdf (11 pages, 1818740 bytes).
PDF statistics:
 201 PDF objects out of 1000 (max. 8388607)
 84 compressed objects within 1 object stream
 0 named destinations out of 1000 (max. 500000)
 211 words of extra memory for PDF output out of 10000 (max. 10000000)

